Log file open, 05/26/19 02:37:48
LogWindows: Failed to load 'aqProf.dll' (GetLastError=126)
LogWindows: File 'aqProf.dll' does not exist
LogWindows: Failed to load 'VtuneApi.dll' (GetLastError=126)
LogWindows: File 'VtuneApi.dll' does not exist
LogWindows: Failed to load 'VtuneApi32e.dll' (GetLastError=126)
LogWindows: File 'VtuneApi32e.dll' does not exist
LogConsoleResponse: Display: Failed to find resolution value strings in scalability ini. Falling back to default.
LogInit: Display: Running engine for game: MarbleRun
LogPakFile: Registered encryption key '00000000000000000000000000000000': 0 pak files mounted, 0 remain pending
LogPlatformFile: Not using cached read wrapper
LogTaskGraph: Started task graph with 5 named threads and 23 total threads with 3 sets of task threads.
LogStats: Stats thread started at 0.270870
LogD3D11RHI: Loaded GFSDK_Aftermath_Lib.x64.dll
LogWindows: Failed to load '../../../Engine/Binaries/ThirdParty/libsndfile/Win64/libsndfile-1.dll' (GetLastError=126)
LogWindows: File '../../../Engine/Binaries/ThirdParty/libsndfile/Win64/libsndfile-1.dll' does not exist
LogAudioMixer: Display: Failed to load Sound File dll
LogAudioEditor: Display: LibSoundFile failed to load. Importing audio will not work correctly.
LogICUInternationalization: ICU TimeZone Detection - Raw Offset: -5:00, Platform Override: ''
LogPluginManager: Mounting plugin Paper2D
LogPluginManager: Mounting plugin AISupport
LogPluginManager: Mounting plugin LightPropagationVolume
LogPluginManager: Mounting plugin ActorLayerUtilities
LogPluginManager: Mounting plugin AnimationSharing
LogPluginManager: Mounting plugin CLionSourceCodeAccess
LogPluginManager: Mounting plugin CodeLiteSourceCodeAccess
LogPluginManager: Mounting plugin GitSourceControl
LogPluginManager: Mounting plugin KDevelopSourceCodeAccess
LogPluginManager: Mounting plugin NullSourceCodeAccess
LogPluginManager: Mounting plugin PerforceSourceControl
LogPluginManager: Mounting plugin SubversionSourceControl
LogPluginManager: Mounting plugin UObjectPlugin
LogPluginManager: Mounting plugin VisualStudioCodeSourceCodeAccess
LogPluginManager: Mounting plugin VisualStudioSourceCodeAccess
LogPluginManager: Mounting plugin XCodeSourceCodeAccess
LogPluginManager: Mounting plugin AssetManagerEditor
LogPluginManager: Mounting plugin CryptoKeys
LogPluginManager: Mounting plugin DataValidation
LogPluginManager: Mounting plugin FacialAnimation
LogPluginManager: Mounting plugin GameplayTagsEditor
LogPluginManager: Mounting plugin MacGraphicsSwitching
LogPluginManager: Mounting plugin MaterialAnalyzer
LogPluginManager: Mounting plugin MobileLauncherProfileWizard
LogPluginManager: Mounting plugin PluginBrowser
LogPluginManager: Mounting plugin SpeedTreeImporter
LogPluginManager: Mounting plugin DatasmithContent
LogPluginManager: Mounting plugin VariantManagerContent
LogPluginManager: Mounting plugin AlembicImporter
LogPluginManager: Mounting plugin AppleImageUtils
LogPluginManager: Mounting plugin AppleVision
LogPluginManager: Mounting plugin BackChannel
LogPluginManager: Mounting plugin CharacterAI
LogPluginManager: Mounting plugin GeometryCache
LogPluginManager: Mounting plugin HTML5Networking
LogPluginManager: Mounting plugin ProxyLODPlugin
LogPluginManager: Mounting plugin SkeletalReduction
LogPluginManager: Mounting plugin MagicLeap
LogPluginManager: Mounting plugin MagicLeapMedia
LogPluginManager: Mounting plugin AndroidMedia
LogPluginManager: Mounting plugin AvfMedia
LogPluginManager: Mounting plugin ImgMedia
LogPluginManager: Mounting plugin LinearTimecode
LogPluginManager: Mounting plugin MediaCompositing
LogPluginManager: Mounting plugin MediaPlayerEditor
LogPluginManager: Mounting plugin WebMMedia
LogPluginManager: Mounting plugin WmfMedia
LogPluginManager: Mounting plugin TcpMessaging
LogPluginManager: Mounting plugin UdpMessaging
LogPluginManager: Mounting plugin ActorSequence
LogPluginManager: Mounting plugin LevelSequenceEditor
LogPluginManager: Mounting plugin MatineeToLevelSequence
LogPluginManager: Mounting plugin NetcodeUnitTest
LogPluginManager: Mounting plugin NUTUnrealEngine4
LogPluginManager: Mounting plugin OnlineSubsystemGooglePlay
LogPluginManager: Mounting plugin OnlineSubsystemIOS
LogPluginManager: Mounting plugin OnlineSubsystem
LogPluginManager: Mounting plugin OnlineSubsystemNull
LogPluginManager: Mounting plugin OnlineSubsystemUtils
LogPluginManager: Mounting plugin LauncherChunkInstaller
LogPluginManager: Mounting plugin AndroidDeviceProfileSelector
LogPluginManager: Mounting plugin AndroidMoviePlayer
LogPluginManager: Mounting plugin AndroidPermission
LogPluginManager: Mounting plugin AppleMoviePlayer
LogPluginManager: Mounting plugin ArchVisCharacter
LogPluginManager: Mounting plugin AudioCapture
LogPluginManager: Mounting plugin CableComponent
LogPluginManager: Mounting plugin CustomMeshComponent
LogPluginManager: Mounting plugin EditableMesh
LogPluginManager: Mounting plugin ExampleDeviceProfileSelector
LogPluginManager: Mounting plugin Firebase
LogPluginManager: Mounting plugin GoogleCloudMessaging
LogPluginManager: Mounting plugin IOSDeviceProfileSelector
LogPluginManager: Mounting plugin LinuxDeviceProfileSelector
LogPluginManager: Mounting plugin LocationServicesBPLibrary
LogPluginManager: Mounting plugin MobilePatchingUtils
LogPluginManager: Mounting plugin OculusVR
LogPluginManager: Mounting plugin PhysXVehicles
LogPluginManager: Mounting plugin ProceduralMeshComponent
LogPluginManager: Mounting plugin RuntimePhysXCooking
LogPluginManager: Mounting plugin SignificanceManager
LogPluginManager: Mounting plugin SteamVR
LogPluginManager: Mounting plugin WebMMoviePlayer
LogPluginManager: Mounting plugin WindowsMoviePlayer
LogInit: Using libcurl 7.55.1-DEV
LogInit:  - built for x86_64-pc-win32
LogInit:  - supports SSL with OpenSSL/1.1.1
LogInit:  - supports HTTP deflate (compression) using libz 1.2.8
LogInit:  - other features:
LogInit:      CURL_VERSION_SSL
LogInit:      CURL_VERSION_LIBZ
LogInit:      CURL_VERSION_IPV6
LogInit:      CURL_VERSION_ASYNCHDNS
LogInit:      CURL_VERSION_LARGEFILE
LogInit:      CURL_VERSION_IDN
LogInit:  CurlRequestOptions (configurable via config and command line):
LogInit:  - bVerifyPeer = true  - Libcurl will verify peer certificate
LogInit:  - bUseHttpProxy = false  - Libcurl will NOT use HTTP proxy
LogInit:  - bDontReuseConnections = false  - Libcurl will reuse connections
LogInit:  - MaxHostConnections = 16  - Libcurl will limit the number of connections to a host
LogInit:  - LocalHostAddr = Default
LogInit:  - BufferSize = 65536
LogInit: WinSock: version 1.1 (2.2), MaxSocks=32767, MaxUdp=65467
LogInit: Build: ++UE4+Release-4.22-CL-5660361
LogInit: Engine Version: 4.22.0-5660361+++UE4+Release-4.22
LogInit: Compatible Engine Version: 4.22.0-5660361+++UE4+Release-4.22
LogInit: Net CL: 5660361
LogInit: OS: Windows 8.1 (), CPU: Intel(R) Core(TM) i7-4790 CPU @ 3.60GHz, GPU: NVIDIA Quadro K2200
LogInit: Compiled (64-bit): Mar 31 2019 02:05:09
LogInit: Compiled with Visual C++: 19.16.27025.01
LogInit: Build Configuration: Development
LogInit: Branch Name: ++UE4+Release-4.22
LogInit: Command Line:  /Game/Level1/NewMap -game -PIEVIACONSOLE -ResX=1280 -ResY=720 -Multiprocess -messaging -SessionName="Play in Standalone Game" -windowed
LogInit: Base Directory: Z:/Program Files/Epic Games/UE_4.22/Engine/Binaries/Win64/
LogInit: Installed Engine Build: 1
LogDevObjectVersion: Number of dev versions registered: 23
LogDevObjectVersion:   Dev-Blueprints (B0D832E4-1F89-4F0D-ACCF-7EB736FD4AA2): 10
LogDevObjectVersion:   Dev-Build (E1C64328-A22C-4D53-A36C-8E866417BD8C): 0
LogDevObjectVersion:   Dev-Core (375EC13C-06E4-48FB-B500-84F0262A717E): 3
LogDevObjectVersion:   Dev-Editor (E4B068ED-F494-42E9-A231-DA0B2E46BB41): 30
LogDevObjectVersion:   Dev-Framework (CFFC743F-43B0-4480-9391-14DF171D2073): 35
LogDevObjectVersion:   Dev-Mobile (B02B49B5-BB20-44E9-A304-32B752E40360): 2
LogDevObjectVersion:   Dev-Networking (A4E4105C-59A1-49B5-A7C5-40C4547EDFEE): 0
LogDevObjectVersion:   Dev-Online (39C831C9-5AE6-47DC-9A44-9C173E1C8E7C): 0
LogDevObjectVersion:   Dev-Physics (78F01B33-EBEA-4F98-B9B4-84EACCB95AA2): 0
LogDevObjectVersion:   Dev-Platform (6631380F-2D4D-43E0-8009-CF276956A95A): 0
LogDevObjectVersion:   Dev-Rendering (12F88B9F-8875-4AFC-A67C-D90C383ABD29): 28
LogDevObjectVersion:   Dev-Sequencer (7B5AE74C-D270-4C10-A958-57980B212A5A): 11
LogDevObjectVersion:   Dev-VR (D7296918-1DD6-4BDD-9DE2-64A83CC13884): 2
LogDevObjectVersion:   Dev-LoadTimes (C2A15278-BFE7-4AFE-6C17-90FF531DF755): 1
LogDevObjectVersion:   Private-Geometry (6EACA3D4-40EC-4CC1-B786-8BED09428FC5): 3
LogDevObjectVersion:   Dev-AnimPhys (29E575DD-E0A3-4627-9D10-D276232CDCEA): 17
LogDevObjectVersion:   Dev-Anim (AF43A65D-7FD3-4947-9873-3E8ED9C1BB05): 2
LogDevObjectVersion:   Dev-ReflectionCapture (6B266CEC-1EC7-4B8F-A30B-E4D90942FC07): 1
LogDevObjectVersion:   Dev-Automation (0DF73D61-A23F-47EA-B727-89E90C41499A): 1
LogDevObjectVersion:   FortniteMain (601D1886-AC64-4F84-AA16-D3DE0DEAC7D6): 25
LogDevObjectVersion:   Dev-Enterprise (9DFFBCD6-494F-0158-E221-12823C92A888): 6
LogDevObjectVersion:   Dev-Niagara (F2AED0AC-9AFE-416F-8664-AA7FFA26D6FC): 1
LogDevObjectVersion:   Dev-Destruction (174F1F0B-B4C6-45A5-B13F-2EE8D0FB917D): 2
LogInit: Presizing for max 16777216 objects, including 0 objects not considered by GC, pre-allocating 0 bytes for permanent pool.
LogInit: Object subsystem initialized
LogConfig: Setting CVar [[con.DebugEarlyDefault:1]]
LogConfig: Setting CVar [[r.setres:1280x720]]
[2019.05.26-06.37.48:632][  0]LogConfig: Setting CVar [[con.DebugEarlyDefault:1]]
[2019.05.26-06.37.48:632][  0]LogConfig: Setting CVar [[r.setres:1280x720]]
[2019.05.26-06.37.48:632][  0]LogConfig: Applying CVar settings from Section [/Script/Engine.RendererSettings] File [Z:/Users/els/Documents/GitHub/-gamedev_tv_marblerun/MarbleRun/Saved/Config/Windows/Engine.ini]
[2019.05.26-06.37.48:632][  0]LogConfig: Setting CVar [[r.GPUCrashDebugging:0]]
[2019.05.26-06.37.48:632][  0]LogConfig: Setting CVar [[r.DefaultFeature.AutoExposure.ExtendDefaultLuminanceRange:1]]
[2019.05.26-06.37.48:632][  0]LogConfig: Applying CVar settings from Section [/Script/Engine.RendererOverrideSettings] File [Z:/Users/els/Documents/GitHub/-gamedev_tv_marblerun/MarbleRun/Saved/Config/Windows/Engine.ini]
[2019.05.26-06.37.48:632][  0]LogConfig: Applying CVar settings from Section [/Script/Engine.StreamingSettings] File [Z:/Users/els/Documents/GitHub/-gamedev_tv_marblerun/MarbleRun/Saved/Config/Windows/Engine.ini]
[2019.05.26-06.37.48:632][  0]LogConfig: Setting CVar [[s.MinBulkDataSizeForAsyncLoading:131072]]
[2019.05.26-06.37.48:632][  0]LogConfig: Setting CVar [[s.AsyncLoadingThreadEnabled:0]]
[2019.05.26-06.37.48:632][  0]LogConfig: Setting CVar [[s.EventDrivenLoaderEnabled:1]]
[2019.05.26-06.37.48:633][  0]LogConfig: Setting CVar [[s.WarnIfTimeLimitExceeded:0]]
[2019.05.26-06.37.48:633][  0]LogConfig: Setting CVar [[s.TimeLimitExceededMultiplier:1.5]]
[2019.05.26-06.37.48:633][  0]LogConfig: Setting CVar [[s.TimeLimitExceededMinTime:0.005]]
[2019.05.26-06.37.48:633][  0]LogConfig: Setting CVar [[s.UseBackgroundLevelStreaming:1]]
[2019.05.26-06.37.48:633][  0]LogConfig: Setting CVar [[s.PriorityAsyncLoadingExtraTime:15.0]]
[2019.05.26-06.37.48:633][  0]LogConfig: Setting CVar [[s.LevelStreamingActorsUpdateTimeLimit:5.0]]
[2019.05.26-06.37.48:633][  0]LogConfig: Setting CVar [[s.PriorityLevelStreamingActorsUpdateExtraTime:5.0]]
[2019.05.26-06.37.48:633][  0]LogConfig: Setting CVar [[s.LevelStreamingComponentsRegistrationGranularity:10]]
[2019.05.26-06.37.48:633][  0]LogConfig: Setting CVar [[s.UnregisterComponentsTimeLimit:1.0]]
[2019.05.26-06.37.48:633][  0]LogConfig: Setting CVar [[s.LevelStreamingComponentsUnregistrationGranularity:5]]
[2019.05.26-06.37.48:633][  0]LogConfig: Applying CVar settings from Section [/Script/Engine.GarbageCollectionSettings] File [Z:/Users/els/Documents/GitHub/-gamedev_tv_marblerun/MarbleRun/Saved/Config/Windows/Engine.ini]
[2019.05.26-06.37.48:633][  0]LogConfig: Setting CVar [[gc.MaxObjectsNotConsideredByGC:1]]
[2019.05.26-06.37.48:633][  0]LogConfig: Setting CVar [[gc.SizeOfPermanentObjectPool:0]]
[2019.05.26-06.37.48:633][  0]LogConfig: Setting CVar [[gc.FlushStreamingOnGC:0]]
[2019.05.26-06.37.48:633][  0]LogConfig: Setting CVar [[gc.NumRetriesBeforeForcingGC:10]]
[2019.05.26-06.37.48:633][  0]LogConfig: Setting CVar [[gc.AllowParallelGC:1]]
[2019.05.26-06.37.48:633][  0]LogConfig: Setting CVar [[gc.TimeBetweenPurgingPendingKillObjects:61.1]]
[2019.05.26-06.37.48:633][  0]LogConfig: Setting CVar [[gc.MaxObjectsInEditor:16777216]]
[2019.05.26-06.37.48:633][  0]LogConfig: Setting CVar [[gc.IncrementalBeginDestroyEnabled:1]]
[2019.05.26-06.37.48:633][  0]LogConfig: Setting CVar [[gc.CreateGCClusters:1]]
[2019.05.26-06.37.48:633][  0]LogConfig: Setting CVar [[gc.MinGCClusterSize:5]]
[2019.05.26-06.37.48:633][  0]LogConfig: Setting CVar [[gc.ActorClusteringEnabled:0]]
[2019.05.26-06.37.48:633][  0]LogConfig: Setting CVar [[gc.BlueprintClusteringEnabled:0]]
[2019.05.26-06.37.48:633][  0]LogConfig: Setting CVar [[gc.UseDisregardForGCOnDedicatedServers:0]]
[2019.05.26-06.37.48:633][  0]LogConfig: Applying CVar settings from Section [/Script/Engine.NetworkSettings] File [Z:/Users/els/Documents/GitHub/-gamedev_tv_marblerun/MarbleRun/Saved/Config/Windows/Engine.ini]
[2019.05.26-06.37.48:633][  0]LogConfig: Applying CVar settings from Section [/Script/UnrealEd.CookerSettings] File [Z:/Users/els/Documents/GitHub/-gamedev_tv_marblerun/MarbleRun/Saved/Config/Windows/Engine.ini]
[2019.05.26-06.37.48:638][  0]LogConfig: Applying CVar settings from Section [ViewDistanceQuality@3] File [Z:/Users/els/Documents/GitHub/-gamedev_tv_marblerun/MarbleRun/Saved/Config/Windows/Scalability.ini]
[2019.05.26-06.37.48:638][  0]LogConfig: Setting CVar [[r.SkeletalMeshLODBias:0]]
[2019.05.26-06.37.48:638][  0]LogConfig: Setting CVar [[r.ViewDistanceScale:1.0]]
[2019.05.26-06.37.48:638][  0]LogConfig: Applying CVar settings from Section [AntiAliasingQuality@3] File [Z:/Users/els/Documents/GitHub/-gamedev_tv_marblerun/MarbleRun/Saved/Config/Windows/Scalability.ini]
[2019.05.26-06.37.48:638][  0]LogConfig: Setting CVar [[r.PostProcessAAQuality:4]]
[2019.05.26-06.37.48:638][  0]LogConfig: Applying CVar settings from Section [ShadowQuality@3] File [Z:/Users/els/Documents/GitHub/-gamedev_tv_marblerun/MarbleRun/Saved/Config/Windows/Scalability.ini]
[2019.05.26-06.37.48:638][  0]LogConfig: Setting CVar [[r.LightFunctionQuality:1]]
[2019.05.26-06.37.48:638][  0]LogConfig: Setting CVar [[r.ShadowQuality:5]]
[2019.05.26-06.37.48:638][  0]LogConfig: Setting CVar [[r.Shadow.CSM.MaxCascades:10]]
[2019.05.26-06.37.48:638][  0]LogConfig: Setting CVar [[r.Shadow.MaxResolution:2048]]
[2019.05.26-06.37.48:638][  0]LogConfig: Setting CVar [[r.Shadow.MaxCSMResolution:2048]]
[2019.05.26-06.37.48:638][  0]LogConfig: Setting CVar [[r.Shadow.RadiusThreshold:0.01]]
[2019.05.26-06.37.48:638][  0]LogConfig: Setting CVar [[r.Shadow.DistanceScale:1.0]]
[2019.05.26-06.37.48:638][  0]LogConfig: Setting CVar [[r.Shadow.CSM.TransitionScale:1.0]]
[2019.05.26-06.37.48:638][  0]LogConfig: Setting CVar [[r.Shadow.PreShadowResolutionFactor:1.0]]
[2019.05.26-06.37.48:638][  0]LogConfig: Setting CVar [[r.DistanceFieldShadowing:1]]
[2019.05.26-06.37.48:638][  0]LogConfig: Setting CVar [[r.DistanceFieldAO:1]]
[2019.05.26-06.37.48:638][  0]LogConfig: Setting CVar [[r.AOQuality:2]]
[2019.05.26-06.37.48:638][  0]LogConfig: Setting CVar [[r.VolumetricFog:1]]
[2019.05.26-06.37.48:638][  0]LogConfig: Setting CVar [[r.VolumetricFog.GridPixelSize:8]]
[2019.05.26-06.37.48:638][  0]LogConfig: Setting CVar [[r.VolumetricFog.GridSizeZ:128]]
[2019.05.26-06.37.48:638][  0]LogConfig: Setting CVar [[r.VolumetricFog.HistoryMissSupersampleCount:4]]
[2019.05.26-06.37.48:638][  0]LogConfig: Setting CVar [[r.LightMaxDrawDistanceScale:1]]
[2019.05.26-06.37.48:638][  0]LogConfig: Setting CVar [[r.CapsuleShadows:1]]
[2019.05.26-06.37.48:638][  0]LogConfig: Applying CVar settings from Section [PostProcessQuality@3] File [Z:/Users/els/Documents/GitHub/-gamedev_tv_marblerun/MarbleRun/Saved/Config/Windows/Scalability.ini]
[2019.05.26-06.37.48:638][  0]LogConfig: Setting CVar [[r.MotionBlurQuality:4]]
[2019.05.26-06.37.48:638][  0]LogConfig: Setting CVar [[r.AmbientOcclusionMipLevelFactor:0.4]]
[2019.05.26-06.37.48:638][  0]LogConfig: Setting CVar [[r.AmbientOcclusionMaxQuality:100]]
[2019.05.26-06.37.48:638][  0]LogConfig: Setting CVar [[r.AmbientOcclusionLevels:-1]]
[2019.05.26-06.37.48:638][  0]LogConfig: Setting CVar [[r.AmbientOcclusionRadiusScale:1.0]]
[2019.05.26-06.37.48:638][  0]LogConfig: Setting CVar [[r.DepthOfFieldQuality:2]]
[2019.05.26-06.37.48:638][  0]LogConfig: Setting CVar [[r.RenderTargetPoolMin:400]]
[2019.05.26-06.37.48:638][  0]LogConfig: Setting CVar [[r.LensFlareQuality:2]]
[2019.05.26-06.37.48:638][  0]LogConfig: Setting CVar [[r.SceneColorFringeQuality:1]]
[2019.05.26-06.37.48:638][  0]LogConfig: Setting CVar [[r.EyeAdaptationQuality:2]]
[2019.05.26-06.37.48:638][  0]LogConfig: Setting CVar [[r.BloomQuality:5]]
[2019.05.26-06.37.48:638][  0]LogConfig: Setting CVar [[r.FastBlurThreshold:100]]
[2019.05.26-06.37.48:638][  0]LogConfig: Setting CVar [[r.Upscale.Quality:3]]
[2019.05.26-06.37.48:638][  0]LogConfig: Setting CVar [[r.Tonemapper.GrainQuantization:1]]
[2019.05.26-06.37.48:638][  0]LogConfig: Setting CVar [[r.LightShaftQuality:1]]
[2019.05.26-06.37.48:638][  0]LogConfig: Setting CVar [[r.Filter.SizeScale:1]]
[2019.05.26-06.37.48:638][  0]LogConfig: Setting CVar [[r.Tonemapper.Quality:5]]
[2019.05.26-06.37.48:638][  0]LogConfig: Setting CVar [[r.DOF.Gather.AccumulatorQuality:1        ; higher gathering accumulator quality]]
[2019.05.26-06.37.48:638][  0]LogConfig: Setting CVar [[r.DOF.Gather.PostfilterMethod:1          ; Median3x3 postfilering method]]
[2019.05.26-06.37.48:638][  0]LogConfig: Setting CVar [[r.DOF.Gather.EnableBokehSettings:0       ; no bokeh simulation when gathering]]
[2019.05.26-06.37.48:638][  0]LogConfig: Setting CVar [[r.DOF.Gather.RingCount:4                 ; medium number of samples when gathering]]
[2019.05.26-06.37.48:638][  0]LogConfig: Setting CVar [[r.DOF.Scatter.ForegroundCompositing:1    ; additive foreground scattering]]
[2019.05.26-06.37.48:638][  0]LogConfig: Setting CVar [[r.DOF.Scatter.BackgroundCompositing:2    ; additive background scattering]]
[2019.05.26-06.37.48:638][  0]LogConfig: Setting CVar [[r.DOF.Scatter.EnableBokehSettings:1      ; bokeh simulation when scattering]]
[2019.05.26-06.37.48:638][  0]LogConfig: Setting CVar [[r.DOF.Scatter.MaxSpriteRatio:0.1         ; only a maximum of 10% of scattered bokeh]]
[2019.05.26-06.37.48:638][  0]LogConfig: Setting CVar [[r.DOF.Recombine.Quality:1                ; cheap slight out of focus]]
[2019.05.26-06.37.48:638][  0]LogConfig: Setting CVar [[r.DOF.Recombine.EnableBokehSettings:0    ; no bokeh simulation on slight out of focus]]
[2019.05.26-06.37.48:638][  0]LogConfig: Setting CVar [[r.DOF.TemporalAAQuality:1                ; more stable temporal accumulation]]
[2019.05.26-06.37.48:639][  0]LogConfig: Setting CVar [[r.DOF.Kernel.MaxForegroundRadius:0.025]]
[2019.05.26-06.37.48:639][  0]LogConfig: Setting CVar [[r.DOF.Kernel.MaxBackgroundRadius:0.025]]
[2019.05.26-06.37.48:639][  0]LogConfig: Applying CVar settings from Section [TextureQuality@3] File [Z:/Users/els/Documents/GitHub/-gamedev_tv_marblerun/MarbleRun/Saved/Config/Windows/Scalability.ini]
[2019.05.26-06.37.48:639][  0]LogConfig: Setting CVar [[r.Streaming.MipBias:0]]
[2019.05.26-06.37.48:639][  0]LogConfig: Setting CVar [[r.Streaming.AmortizeCPUToGPUCopy:0]]
[2019.05.26-06.37.48:639][  0]LogConfig: Setting CVar [[r.Streaming.MaxNumTexturesToStreamPerFrame:0]]
[2019.05.26-06.37.48:639][  0]LogConfig: Setting CVar [[r.Streaming.Boost:1]]
[2019.05.26-06.37.48:639][  0]LogConfig: Setting CVar [[r.MaxAnisotropy:8]]
[2019.05.26-06.37.48:639][  0]LogConfig: Setting CVar [[r.Streaming.LimitPoolSizeToVRAM:0]]
[2019.05.26-06.37.48:639][  0]LogConfig: Setting CVar [[r.Streaming.PoolSize:1000]]
[2019.05.26-06.37.48:639][  0]LogConfig: Setting CVar [[r.Streaming.MaxEffectiveScreenSize:0]]
[2019.05.26-06.37.48:639][  0]LogConfig: Applying CVar settings from Section [EffectsQuality@3] File [Z:/Users/els/Documents/GitHub/-gamedev_tv_marblerun/MarbleRun/Saved/Config/Windows/Scalability.ini]
[2019.05.26-06.37.48:639][  0]LogConfig: Setting CVar [[r.TranslucencyLightingVolumeDim:64]]
[2019.05.26-06.37.48:639][  0]LogConfig: Setting CVar [[r.RefractionQuality:2]]
[2019.05.26-06.37.48:639][  0]LogConfig: Setting CVar [[r.SSR.Quality:3]]
[2019.05.26-06.37.48:639][  0]LogConfig: Setting CVar [[r.SceneColorFormat:4]]
[2019.05.26-06.37.48:639][  0]LogConfig: Setting CVar [[r.DetailMode:2]]
[2019.05.26-06.37.48:639][  0]LogConfig: Setting CVar [[r.TranslucencyVolumeBlur:1]]
[2019.05.26-06.37.48:639][  0]LogConfig: Setting CVar [[r.MaterialQualityLevel:1 ; High quality]]
[2019.05.26-06.37.48:639][  0]LogConfig: Setting CVar [[r.SSS.Scale:1]]
[2019.05.26-06.37.48:639][  0]LogConfig: Setting CVar [[r.SSS.SampleSet:2]]
[2019.05.26-06.37.48:639][  0]LogConfig: Setting CVar [[r.SSS.Quality:1]]
[2019.05.26-06.37.48:639][  0]LogConfig: Setting CVar [[r.SSS.HalfRes:1]]
[2019.05.26-06.37.48:639][  0]LogConfig: Setting CVar [[r.EmitterSpawnRateScale:1.0]]
[2019.05.26-06.37.48:639][  0]LogConfig: Setting CVar [[r.ParticleLightQuality:2]]
[2019.05.26-06.37.48:639][  0]LogConfig: Applying CVar settings from Section [FoliageQuality@3] File [Z:/Users/els/Documents/GitHub/-gamedev_tv_marblerun/MarbleRun/Saved/Config/Windows/Scalability.ini]
[2019.05.26-06.37.48:639][  0]LogConfig: Setting CVar [[foliage.DensityScale:1.0]]
[2019.05.26-06.37.48:639][  0]LogConfig: Setting CVar [[grass.DensityScale:1.0]]
[2019.05.26-06.37.48:639][  0]LogInit: Selected Device Profile: [Windows]
[2019.05.26-06.37.48:639][  0]LogInit: Applying CVar settings loaded from the selected device profile: [Windows]
[2019.05.26-06.37.48:642][  0]LogHAL: Display: Platform has ~ 32 GB [34100625408 / 34359738368 / 32], which maps to Largest [LargestMinGB=32, LargerMinGB=12, DefaultMinGB=8, SmallerMinGB=6, SmallestMinGB=0)
[2019.05.26-06.37.48:642][  0]LogConfig: Setting CVar [[r.Vulkan.UseRealUBs:0		; Required until we fix HLR fall-out]]
[2019.05.26-06.37.48:642][  0]LogInit: Going up to parent DeviceProfile []
[2019.05.26-06.37.48:643][  0]LogConfig: Applying CVar settings from Section [ViewDistanceQuality@3] File [Z:/Users/els/Documents/GitHub/-gamedev_tv_marblerun/MarbleRun/Saved/Config/Windows/Scalability.ini]
[2019.05.26-06.37.48:643][  0]LogConfig: Setting CVar [[r.SkeletalMeshLODBias:0]]
[2019.05.26-06.37.48:643][  0]LogConfig: Setting CVar [[r.ViewDistanceScale:1.0]]
[2019.05.26-06.37.48:643][  0]LogConfig: Applying CVar settings from Section [AntiAliasingQuality@3] File [Z:/Users/els/Documents/GitHub/-gamedev_tv_marblerun/MarbleRun/Saved/Config/Windows/Scalability.ini]
[2019.05.26-06.37.48:643][  0]LogConfig: Setting CVar [[r.PostProcessAAQuality:4]]
[2019.05.26-06.37.48:643][  0]LogConfig: Applying CVar settings from Section [ShadowQuality@3] File [Z:/Users/els/Documents/GitHub/-gamedev_tv_marblerun/MarbleRun/Saved/Config/Windows/Scalability.ini]
[2019.05.26-06.37.48:643][  0]LogConfig: Setting CVar [[r.LightFunctionQuality:1]]
[2019.05.26-06.37.48:643][  0]LogConfig: Setting CVar [[r.ShadowQuality:5]]
[2019.05.26-06.37.48:643][  0]LogConfig: Setting CVar [[r.Shadow.CSM.MaxCascades:10]]
[2019.05.26-06.37.48:643][  0]LogConfig: Setting CVar [[r.Shadow.MaxResolution:2048]]
[2019.05.26-06.37.48:643][  0]LogConfig: Setting CVar [[r.Shadow.MaxCSMResolution:2048]]
[2019.05.26-06.37.48:643][  0]LogConfig: Setting CVar [[r.Shadow.RadiusThreshold:0.01]]
[2019.05.26-06.37.48:643][  0]LogConfig: Setting CVar [[r.Shadow.DistanceScale:1.0]]
[2019.05.26-06.37.48:643][  0]LogConfig: Setting CVar [[r.Shadow.CSM.TransitionScale:1.0]]
[2019.05.26-06.37.48:643][  0]LogConfig: Setting CVar [[r.Shadow.PreShadowResolutionFactor:1.0]]
[2019.05.26-06.37.48:643][  0]LogConfig: Setting CVar [[r.DistanceFieldShadowing:1]]
[2019.05.26-06.37.48:643][  0]LogConfig: Setting CVar [[r.DistanceFieldAO:1]]
[2019.05.26-06.37.48:643][  0]LogConfig: Setting CVar [[r.AOQuality:2]]
[2019.05.26-06.37.48:643][  0]LogConfig: Setting CVar [[r.VolumetricFog:1]]
[2019.05.26-06.37.48:643][  0]LogConfig: Setting CVar [[r.VolumetricFog.GridPixelSize:8]]
[2019.05.26-06.37.48:643][  0]LogConfig: Setting CVar [[r.VolumetricFog.GridSizeZ:128]]
[2019.05.26-06.37.48:643][  0]LogConfig: Setting CVar [[r.VolumetricFog.HistoryMissSupersampleCount:4]]
[2019.05.26-06.37.48:643][  0]LogConfig: Setting CVar [[r.LightMaxDrawDistanceScale:1]]
[2019.05.26-06.37.48:643][  0]LogConfig: Setting CVar [[r.CapsuleShadows:1]]
[2019.05.26-06.37.48:643][  0]LogConfig: Applying CVar settings from Section [PostProcessQuality@3] File [Z:/Users/els/Documents/GitHub/-gamedev_tv_marblerun/MarbleRun/Saved/Config/Windows/Scalability.ini]
[2019.05.26-06.37.48:643][  0]LogConfig: Setting CVar [[r.MotionBlurQuality:4]]
[2019.05.26-06.37.48:643][  0]LogConfig: Setting CVar [[r.AmbientOcclusionMipLevelFactor:0.4]]
[2019.05.26-06.37.48:643][  0]LogConfig: Setting CVar [[r.AmbientOcclusionMaxQuality:100]]
[2019.05.26-06.37.48:643][  0]LogConfig: Setting CVar [[r.AmbientOcclusionLevels:-1]]
[2019.05.26-06.37.48:643][  0]LogConfig: Setting CVar [[r.AmbientOcclusionRadiusScale:1.0]]
[2019.05.26-06.37.48:643][  0]LogConfig: Setting CVar [[r.DepthOfFieldQuality:2]]
[2019.05.26-06.37.48:643][  0]LogConfig: Setting CVar [[r.RenderTargetPoolMin:400]]
[2019.05.26-06.37.48:643][  0]LogConfig: Setting CVar [[r.LensFlareQuality:2]]
[2019.05.26-06.37.48:643][  0]LogConfig: Setting CVar [[r.SceneColorFringeQuality:1]]
[2019.05.26-06.37.48:643][  0]LogConfig: Setting CVar [[r.EyeAdaptationQuality:2]]
[2019.05.26-06.37.48:643][  0]LogConfig: Setting CVar [[r.BloomQuality:5]]
[2019.05.26-06.37.48:643][  0]LogConfig: Setting CVar [[r.FastBlurThreshold:100]]
[2019.05.26-06.37.48:643][  0]LogConfig: Setting CVar [[r.Upscale.Quality:3]]
[2019.05.26-06.37.48:643][  0]LogConfig: Setting CVar [[r.Tonemapper.GrainQuantization:1]]
[2019.05.26-06.37.48:643][  0]LogConfig: Setting CVar [[r.LightShaftQuality:1]]
[2019.05.26-06.37.48:643][  0]LogConfig: Setting CVar [[r.Filter.SizeScale:1]]
[2019.05.26-06.37.48:643][  0]LogConfig: Setting CVar [[r.Tonemapper.Quality:5]]
[2019.05.26-06.37.48:643][  0]LogConfig: Setting CVar [[r.DOF.Gather.AccumulatorQuality:1        ; higher gathering accumulator quality]]
[2019.05.26-06.37.48:643][  0]LogConfig: Setting CVar [[r.DOF.Gather.PostfilterMethod:1          ; Median3x3 postfilering method]]
[2019.05.26-06.37.48:643][  0]LogConfig: Setting CVar [[r.DOF.Gather.EnableBokehSettings:0       ; no bokeh simulation when gathering]]
[2019.05.26-06.37.48:643][  0]LogConfig: Setting CVar [[r.DOF.Gather.RingCount:4                 ; medium number of samples when gathering]]
[2019.05.26-06.37.48:643][  0]LogConfig: Setting CVar [[r.DOF.Scatter.ForegroundCompositing:1    ; additive foreground scattering]]
[2019.05.26-06.37.48:643][  0]LogConfig: Setting CVar [[r.DOF.Scatter.BackgroundCompositing:2    ; additive background scattering]]
[2019.05.26-06.37.48:643][  0]LogConfig: Setting CVar [[r.DOF.Scatter.EnableBokehSettings:1      ; bokeh simulation when scattering]]
[2019.05.26-06.37.48:643][  0]LogConfig: Setting CVar [[r.DOF.Scatter.MaxSpriteRatio:0.1         ; only a maximum of 10% of scattered bokeh]]
[2019.05.26-06.37.48:643][  0]LogConfig: Setting CVar [[r.DOF.Recombine.Quality:1                ; cheap slight out of focus]]
[2019.05.26-06.37.48:643][  0]LogConfig: Setting CVar [[r.DOF.Recombine.EnableBokehSettings:0    ; no bokeh simulation on slight out of focus]]
[2019.05.26-06.37.48:643][  0]LogConfig: Setting CVar [[r.DOF.TemporalAAQuality:1                ; more stable temporal accumulation]]
[2019.05.26-06.37.48:643][  0]LogConfig: Setting CVar [[r.DOF.Kernel.MaxForegroundRadius:0.025]]
[2019.05.26-06.37.48:643][  0]LogConfig: Setting CVar [[r.DOF.Kernel.MaxBackgroundRadius:0.025]]
[2019.05.26-06.37.48:643][  0]LogConfig: Applying CVar settings from Section [TextureQuality@3] File [Z:/Users/els/Documents/GitHub/-gamedev_tv_marblerun/MarbleRun/Saved/Config/Windows/Scalability.ini]
[2019.05.26-06.37.48:643][  0]LogConfig: Setting CVar [[r.Streaming.MipBias:0]]
[2019.05.26-06.37.48:643][  0]LogConfig: Setting CVar [[r.Streaming.AmortizeCPUToGPUCopy:0]]
[2019.05.26-06.37.48:643][  0]LogConfig: Setting CVar [[r.Streaming.MaxNumTexturesToStreamPerFrame:0]]
[2019.05.26-06.37.48:643][  0]LogConfig: Setting CVar [[r.Streaming.Boost:1]]
[2019.05.26-06.37.48:643][  0]LogConfig: Setting CVar [[r.MaxAnisotropy:8]]
[2019.05.26-06.37.48:643][  0]LogConfig: Setting CVar [[r.Streaming.LimitPoolSizeToVRAM:0]]
[2019.05.26-06.37.48:643][  0]LogConfig: Setting CVar [[r.Streaming.PoolSize:1000]]
[2019.05.26-06.37.48:643][  0]LogConfig: Setting CVar [[r.Streaming.MaxEffectiveScreenSize:0]]
[2019.05.26-06.37.48:643][  0]LogConfig: Applying CVar settings from Section [EffectsQuality@3] File [Z:/Users/els/Documents/GitHub/-gamedev_tv_marblerun/MarbleRun/Saved/Config/Windows/Scalability.ini]
[2019.05.26-06.37.48:643][  0]LogConfig: Setting CVar [[r.TranslucencyLightingVolumeDim:64]]
[2019.05.26-06.37.48:643][  0]LogConfig: Setting CVar [[r.RefractionQuality:2]]
[2019.05.26-06.37.48:643][  0]LogConfig: Setting CVar [[r.SSR.Quality:3]]
[2019.05.26-06.37.48:643][  0]LogConfig: Setting CVar [[r.SceneColorFormat:4]]
[2019.05.26-06.37.48:643][  0]LogConfig: Setting CVar [[r.DetailMode:2]]
[2019.05.26-06.37.48:643][  0]LogConfig: Setting CVar [[r.TranslucencyVolumeBlur:1]]
[2019.05.26-06.37.48:643][  0]LogConfig: Setting CVar [[r.MaterialQualityLevel:1 ; High quality]]
[2019.05.26-06.37.48:643][  0]LogConfig: Setting CVar [[r.SSS.Scale:1]]
[2019.05.26-06.37.48:644][  0]LogConfig: Setting CVar [[r.SSS.SampleSet:2]]
[2019.05.26-06.37.48:644][  0]LogConfig: Setting CVar [[r.SSS.Quality:1]]
[2019.05.26-06.37.48:644][  0]LogConfig: Setting CVar [[r.SSS.HalfRes:1]]
[2019.05.26-06.37.48:644][  0]LogConfig: Setting CVar [[r.EmitterSpawnRateScale:1.0]]
[2019.05.26-06.37.48:644][  0]LogConfig: Setting CVar [[r.ParticleLightQuality:2]]
[2019.05.26-06.37.48:644][  0]LogConfig: Applying CVar settings from Section [FoliageQuality@3] File [Z:/Users/els/Documents/GitHub/-gamedev_tv_marblerun/MarbleRun/Saved/Config/Windows/Scalability.ini]
[2019.05.26-06.37.48:644][  0]LogConfig: Setting CVar [[foliage.DensityScale:1.0]]
[2019.05.26-06.37.48:644][  0]LogConfig: Setting CVar [[grass.DensityScale:1.0]]
[2019.05.26-06.37.48:644][  0]LogConfig: Applying CVar settings from Section [Startup] File [../../../Engine/Config/ConsoleVariables.ini]
[2019.05.26-06.37.48:644][  0]LogConfig: Setting CVar [[net.UseAdaptiveNetUpdateFrequency:0]]
[2019.05.26-06.37.48:644][  0]LogConfig: Setting CVar [[p.chaos.AllowCreatePhysxBodies:1]]
[2019.05.26-06.37.48:644][  0]LogConfig: Applying CVar settings from Section [ConsoleVariables] File [Z:/Users/els/Documents/GitHub/-gamedev_tv_marblerun/MarbleRun/Saved/Config/Windows/Engine.ini]
[2019.05.26-06.37.48:644][  0]LogInit: Computer: ELS-SCHOOL-1
[2019.05.26-06.37.48:644][  0]LogInit: User: els
[2019.05.26-06.37.48:644][  0]LogInit: CPU Page size=4096, Cores=4
[2019.05.26-06.37.48:644][  0]LogInit: High frequency timer resolution =3.507508 MHz
[2019.05.26-06.37.48:644][  0]LogMemory: Memory total: Physical=31.8GB (32GB approx)
[2019.05.26-06.37.48:644][  0]LogMemory: Platform Memory Stats for Windows
[2019.05.26-06.37.48:644][  0]LogMemory: Process Physical Memory: 94.52 MB used, 94.52 MB peak
[2019.05.26-06.37.48:644][  0]LogMemory: Process Virtual Memory: 92.35 MB used, 92.35 MB peak
[2019.05.26-06.37.48:644][  0]LogMemory: Physical Memory: 9628.39 MB used,  22892.50 MB free, 32520.89 MB total
[2019.05.26-06.37.48:644][  0]LogMemory: Virtual Memory: 506.71 MB used,  134217224.00 MB free, 134217728.00 MB total
[2019.05.26-06.37.48:664][  0]LogInit: Using OS detected language (en-US).
[2019.05.26-06.37.48:664][  0]LogInit: Using OS detected locale (en-US).
[2019.05.26-06.37.48:664][  0]LogTextLocalizationManager: No specific localization for 'en-US' exists, so the 'en' localization will be used.
[2019.05.26-06.37.48:883][  0]LogSlate: New Slate User Created.  User Index 0, Is Virtual User: 0
[2019.05.26-06.37.48:883][  0]LogSlate: Slate User Registered.  User Index 0, Is Virtual User: 0
[2019.05.26-06.37.48:900][  0]LogHMD: Failed to initialize OpenVR with code 110
[2019.05.26-06.37.48:900][  0]LogD3D11RHI: D3D11 adapters:
[2019.05.26-06.37.48:935][  0]LogD3D11RHI:    0. 'NVIDIA Quadro K2200' (Feature Level 11_0)
[2019.05.26-06.37.48:935][  0]LogD3D11RHI:       3971/0/16260 MB DedicatedVideo/DedicatedSystem/SharedSystem, Outputs:2, VendorId:0x10de
[2019.05.26-06.37.48:937][  0]LogD3D11RHI:    1. 'Microsoft Basic Render Driver' (Feature Level 11_0)
[2019.05.26-06.37.48:937][  0]LogD3D11RHI:       0/0/256 MB DedicatedVideo/DedicatedSystem/SharedSystem, Outputs:0, VendorId:0x1414
[2019.05.26-06.37.48:937][  0]LogD3D11RHI: Chosen D3D11 Adapter: 0
[2019.05.26-06.37.48:942][  0]LogD3D11RHI: Creating new Direct3DDevice
[2019.05.26-06.37.48:942][  0]LogD3D11RHI:     GPU DeviceId: 0x13ba (for the marketing name, search the web for "GPU Device Id")
[2019.05.26-06.37.48:942][  0]LogWindows: EnumDisplayDevices:
[2019.05.26-06.37.48:942][  0]LogWindows:    0. 'NVIDIA Quadro K2200' (P:0 D:1)
[2019.05.26-06.37.48:942][  0]LogWindows:    1. 'NVIDIA Quadro K2200' (P:1 D:1)
[2019.05.26-06.37.48:942][  0]LogWindows:    2. 'NVIDIA Quadro K2200' (P:0 D:0)
[2019.05.26-06.37.48:942][  0]LogWindows:    3. 'NVIDIA Quadro K2200' (P:0 D:0)
[2019.05.26-06.37.48:943][  0]LogWindows: DebugString: FoundDriverCount:4 
[2019.05.26-06.37.48:943][  0]LogD3D11RHI:     Adapter Name: NVIDIA Quadro K2200
[2019.05.26-06.37.48:943][  0]LogD3D11RHI:   Driver Version: 385.69 (internal:22.21.13.8569, unified:385.69)
[2019.05.26-06.37.48:943][  0]LogD3D11RHI:      Driver Date: 9-16-2017
[2019.05.26-06.37.48:943][  0]LogRHI: Texture pool is 2779 MB (70% of 3971 MB)
[2019.05.26-06.37.48:957][  0]LogD3D11RHI: Async texture creation enabled
[2019.05.26-06.37.48:961][  0]LogRendererCore: FGlobalReadBuffer::InitRHI
[2019.05.26-06.37.48:962][  0]LogRendererCore: FGlobalReadBuffer::InitRHI
[2019.05.26-06.37.48:962][  0]LogRendererCore: FGlobalReadBuffer::InitRHI
[2019.05.26-06.37.48:975][  0]LogD3D11RHI: GPU Timing Frequency: 1000.000000 (Debug: 2 2)
[2019.05.26-06.37.49:202][  0]LogTemp: Display: Module 'WindowsClientTargetPlatform' loaded TargetPlatform 'WindowsClient'
[2019.05.26-06.37.49:214][  0]LogTemp: Display: Module 'WindowsNoEditorTargetPlatform' loaded TargetPlatform 'WindowsNoEditor'
[2019.05.26-06.37.49:227][  0]LogTemp: Display: Module 'WindowsServerTargetPlatform' loaded TargetPlatform 'WindowsServer'
[2019.05.26-06.37.49:232][  0]LogTemp: Display: Module 'WindowsTargetPlatform' loaded TargetPlatform 'Windows'
[2019.05.26-06.37.49:232][  0]LogTargetPlatformManager: Display: Building Assets For Windows
[2019.05.26-06.37.49:237][  0]LogAudioDebug: Display: Lib vorbis DLL was dynamically loaded.
[2019.05.26-06.37.49:264][  0]LogShaderCompilers: Guid format shader working directory is -32 characters bigger than the processId version (../../../../../../Users/els/Documents/GitHub/-gamedev_tv_marblerun/MarbleRun/Intermediate/Shaders/WorkingDirectory/5748/).
[2019.05.26-06.37.49:264][  0]LogShaderCompilers: Cleaned the shader compiler working directory 'C:/Users/els/AppData/Local/Temp/UnrealShaderWorkingDir/B2DC1E4D424714B4F8DC47ABACDD54E0/'.
[2019.05.26-06.37.49:265][  0]LogXGEController: Cannot use XGE Controller as Incredibuild is not installed on this machine.
[2019.05.26-06.37.49:265][  0]LogShaderCompilers: Cannot use XGE Shader Compiler as Incredibuild is not installed on this machine.
[2019.05.26-06.37.49:265][  0]LogShaderCompilers: Display: Using Local Shader Compiler.
[2019.05.26-06.37.49:836][  0]LogDerivedDataCache: Display: Max Cache Size: 512 MB
[2019.05.26-06.37.49:911][  0]LogDerivedDataCache: Loaded boot cache 0.07s 71MB C:/Users/els/AppData/Local/UnrealEngine/4.22/DerivedDataCache/Boot.ddc.
[2019.05.26-06.37.49:911][  0]LogDerivedDataCache: Display: Loaded Boot cache: C:/Users/els/AppData/Local/UnrealEngine/4.22/DerivedDataCache/Boot.ddc
[2019.05.26-06.37.49:911][  0]LogDerivedDataCache: FDerivedDataBackendGraph:  Pak pak cache file ../../../../../../Users/els/Documents/GitHub/-gamedev_tv_marblerun/MarbleRun/DerivedDataCache/DDC.ddp not found, will not use a pak cache.
[2019.05.26-06.37.49:911][  0]LogDerivedDataCache: Unable to find inner node Pak for hierarchical cache Hierarchy.
[2019.05.26-06.37.49:911][  0]LogDerivedDataCache: FDerivedDataBackendGraph:  CompressedPak pak cache file ../../../../../../Users/els/Documents/GitHub/-gamedev_tv_marblerun/MarbleRun/DerivedDataCache/Compressed.ddp not found, will not use a pak cache.
[2019.05.26-06.37.49:911][  0]LogDerivedDataCache: Unable to find inner node CompressedPak for hierarchical cache Hierarchy.
[2019.05.26-06.37.49:924][  0]LogDerivedDataCache: Display: Pak cache opened for reading ../../../Engine/DerivedDataCache/Compressed.ddp.
[2019.05.26-06.37.49:925][  0]LogDerivedDataCache: FDerivedDataBackendGraph:  EnterprisePak pak cache file ../../../Enterprise/DerivedDataCache/Compressed.ddp not found, will not use a pak cache.
[2019.05.26-06.37.49:925][  0]LogDerivedDataCache: Unable to find inner node EnterprisePak for hierarchical cache Hierarchy.
[2019.05.26-06.37.49:937][  0]LogDerivedDataCache: Using Local data cache path C:/Users/els/AppData/Local/UnrealEngine/Common/DerivedDataCache: Writable
[2019.05.26-06.37.49:937][  0]LogDerivedDataCache: Shared data cache path not found in *engine.ini, will not use an Shared cache.
[2019.05.26-06.37.49:937][  0]LogDerivedDataCache: Unable to find inner node Shared for hierarchical cache Hierarchy.
[2019.05.26-06.37.49:963][  0]LogMaterial: Verifying Global Shaders for PCD3D_SM5
[2019.05.26-06.37.49:964][  0]LogSlate: Using FreeType 2.6.0
[2019.05.26-06.37.49:965][  0]LogSlate: SlateFontServices - WITH_FREETYPE: 1, WITH_HARFBUZZ: 1
[2019.05.26-06.37.50:068][  0]LogInit: Using OS detected language (en-US).
[2019.05.26-06.37.50:068][  0]LogInit: Using OS detected locale (en-US).
[2019.05.26-06.37.50:068][  0]LogTextLocalizationManager: No localization for 'en-US' exists, so 'en' will be used for the language.
[2019.05.26-06.37.50:068][  0]LogTextLocalizationManager: No localization for 'en-US' exists, so 'en' will be used for the locale.
[2019.05.26-06.37.50:069][  0]LogSlate: FontCache flush requested. Reason: Culture for localization was changed
[2019.05.26-06.37.50:069][  0]LogSlate: FontCache flush requested. Reason: Culture for localization was changed
[2019.05.26-06.37.50:085][  0]LogTextLocalizationManager: Compacting localization data took   0.01ms
[2019.05.26-06.37.50:090][  0]LogAssetRegistry: FAssetRegistry took 0.0036 seconds to start up
[2019.05.26-06.37.50:290][  0]LogPackageLocalizationCache: Processed 10 localized package path(s) for 1 prioritized culture(s) in 0.000389 seconds
[2019.05.26-06.37.50:393][  0]LogInit: Selected Device Profile: [Windows]
[2019.05.26-06.37.50:511][  0]LogMeshReduction: Using QuadricMeshReduction for automatic static mesh reduction
[2019.05.26-06.37.50:511][  0]LogMeshReduction: Using SimplygonMeshReduction for automatic skeletal mesh reduction
[2019.05.26-06.37.50:511][  0]LogMeshReduction: Using ProxyLODMeshReduction for automatic mesh merging
[2019.05.26-06.37.50:511][  0]LogMeshReduction: No distributed automatic mesh merging module available
[2019.05.26-06.37.50:511][  0]LogMeshMerging: No distributed automatic mesh merging module available
[2019.05.26-06.37.50:521][  0]LogNetVersion: MarbleRun 1.0.0, NetCL: 5660361, EngineNetVer: 10, GameNetVer: 0 (Checksum: 2490588400)
[2019.05.26-06.37.50:942][  0]LogMoviePlayer: Initializing movie player
[2019.05.26-06.37.51:049][  0]LogTcpMessaging: Initializing TcpMessaging bridge
[2019.05.26-06.37.51:061][  0]LogUdpMessaging: Initializing bridge on interface 0.0.0.0:0 to multicast group 230.0.0.1:6666.
[2019.05.26-06.37.51:141][  0]SourceControl: Source control is disabled
[2019.05.26-06.37.51:141][  0]SourceControl: Source control is disabled
[2019.05.26-06.37.51:141][  0]SourceControl: Source control is disabled
[2019.05.26-06.37.51:169][  0]LogAndroidPermission: UAndroidPermissionCallbackProxy::GetInstance
[2019.05.26-06.37.51:200][  0]LogOcInput: OculusInput pre-init called
[2019.05.26-06.37.51:224][  0]LogUObjectArray: 46459 objects as part of root set at end of initial load.
[2019.05.26-06.37.51:224][  0]LogUObjectAllocator: 8159704 out of 0 bytes used by permanent object pool.
[2019.05.26-06.37.51:224][  0]LogUObjectArray: CloseDisregardForGC: 0/0 objects in disregard for GC pool
[2019.05.26-06.37.51:351][  0]LogEngine: Initializing Engine...
[2019.05.26-06.37.51:352][  0]LogHMD: Failed to initialize OpenVR with code 110
[2019.05.26-06.37.51:364][  0]LogStats: UGameplayTagsManager::InitializeManager -  0.000 s
[2019.05.26-06.37.51:561][  0]LogInit: Initializing FReadOnlyCVARCache
[2019.05.26-06.37.51:566][  0]LogInit: XAudio2 using 'Speakers (Realtek High Definition Audio)' : 2 channels at 48 kHz using 32 bits per sample (channel mask 0x3)
[2019.05.26-06.37.51:575][  0]LogInit: FAudioDevice initialized.
[2019.05.26-06.37.51:588][  0]LogNetVersion: Set ProjectVersion to 1.0.0.0. Version Checksum will be recalculated on next use.
[2019.05.26-06.37.51:599][  0]LogInit: Texture streaming: Enabled
[2019.05.26-06.37.51:888][  0]LogSlate: Updating window title bar state: overlay mode, drag disabled, window buttons hidden, title bar hidden
[2019.05.26-06.37.51:888][  0]LogInit: Display: Game Engine Initialized.
[2019.05.26-06.37.51:942][  0]LogInit: Display: Starting Game.
[2019.05.26-06.37.51:949][  0]LogNet: Browse: /Game/Level1/NewMap?Name=Player
[2019.05.26-06.37.51:956][  0]LogLoad: LoadMap: /Game/Level1/NewMap?Name=Player
[2019.05.26-06.37.51:981][  0]LogUObjectHash: Compacting FUObjectHashTables data took   1.86ms
